<?xml version="1.0" encoding="UTF-8"?><testsuite errors="0" failures="0" name="com.restfulbooker.bookinginfo.BookingCRUDTestWithSteps" skipped="0" tests="4" time="7.05" timestamp="2022-01-10T08:32:49.368Z[Europe/London]"><testcase classname="com.restfulbooker.bookinginfo.BookingCRUDTestWithSteps" name="This will create a new Booking"/><testcase classname="com.restfulbooker.bookinginfo.BookingCRUDTestWithSteps" name="Verify if the Booking was done correctly"/><testcase classname="com.restfulbooker.bookinginfo.BookingCRUDTestWithSteps" name="Update the Booking and verify the updated information"/><testcase classname="com.restfulbooker.bookinginfo.BookingCRUDTestWithSteps" name="Delete the Booking and verify if the Booking is deleted!"/></testsuite>